
> frontend-temp@0.1.0 start
> react-scripts start

(node:5074) [DEP_WEBPACK_DEV_SERVER_ON_AFTER_SETUP_MIDDLEWARE] DeprecationWarning: 'onAfterSetupMiddleware' option is deprecated. Please use the 'setupMiddlewares' option.
(Use `node --trace-deprecation ...` to show where the warning was created)
(node:5074) [DEP_WEBPACK_DEV_SERVER_ON_BEFORE_SETUP_MIDDLEWARE] DeprecationWarning: 'onBeforeSetupMiddleware' option is deprecated. Please use the 'setupMiddlewares' option.
Starting the development server...

Compiled successfully!

You can now view frontend-temp in the browser.

  Local:            http://localhost:3000
  On Your Network:  http://192.168.178.187:3000

Note that the development build is not optimized.
To create a production build, use npm run build.

webpack compiled successfully
Compiling...
Failed to compile.

[eslint] 
src/components/market/MarketDetail.js
Syntax error: Identifier 'riskFreeRate' has already been declared. (450:9) (450:9)
ERROR in ./src/components/market/MarketDetail.js
Module build failed (from ./node_modules/babel-loader/lib/index.js):
SyntaxError: /Users/jannikschilling/Documents/coding/venture-prediction-market/frontend/src/components/market/MarketDetail.js: Identifier 'riskFreeRate' has already been declared. (450:9)

  448 |   const [lastFundraisingDate, setLastFundraisingDate] = useState('2024-01-01');
  449 |   const [timeHorizon, setTimeHorizon] = useState(2); // years
> 450 |   const [riskFreeRate] = useState(0.05); // 5% risk-free rate
      |          ^
  451 |   const [livePricing, setLivePricing] = useState({ yesPrice: 0, noPrice: 0, maxPayoff: 0 });
  452 |   const [hasPreviousTrades, setHasPreviousTrades] = useState(false);
  453 |
    at constructor (/Users/jannikschilling/Documents/coding/venture-prediction-market/frontend/node_modules/@babel/parser/lib/index.js:363:19)
    at FlowParserMixin.raise (/Users/jannikschilling/Documents/coding/venture-prediction-market/frontend/node_modules/@babel/parser/lib/index.js:6609:19)
    at FlowScopeHandler.checkRedeclarationInScope (/Users/jannikschilling/Documents/coding/venture-prediction-market/frontend/node_modules/@babel/parser/lib/index.js:1626:19)
    at FlowScopeHandler.declareName (/Users/jannikschilling/Documents/coding/venture-prediction-market/frontend/node_modules/@babel/parser/lib/index.js:1592:12)
    at FlowScopeHandler.declareName (/Users/jannikschilling/Documents/coding/venture-prediction-market/frontend/node_modules/@babel/parser/lib/index.js:1693:11)
    at FlowParserMixin.declareNameFromIdentifier (/Users/jannikschilling/Documents/coding/venture-prediction-market/frontend/node_modules/@babel/parser/lib/index.js:7538:16)
    at FlowParserMixin.checkIdentifier (/Users/jannikschilling/Documents/coding/venture-prediction-market/frontend/node_modules/@babel/parser/lib/index.js:7534:12)
    at FlowParserMixin.checkLVal (/Users/jannikschilling/Documents/coding/venture-prediction-market/frontend/node_modules/@babel/parser/lib/index.js:7475:12)
    at FlowParserMixin.checkLVal (/Users/jannikschilling/Documents/coding/venture-prediction-market/frontend/node_modules/@babel/parser/lib/index.js:7511:16)
    at FlowParserMixin.parseVarId (/Users/jannikschilling/Documents/coding/venture-prediction-market/frontend/node_modules/@babel/parser/lib/index.js:13327:10)
    at FlowParserMixin.parseVarId (/Users/jannikschilling/Documents/coding/venture-prediction-market/frontend/node_modules/@babel/parser/lib/index.js:3486:11)
    at FlowParserMixin.parseVar (/Users/jannikschilling/Documents/coding/venture-prediction-market/frontend/node_modules/@babel/parser/lib/index.js:13302:12)
    at FlowParserMixin.parseVarStatement (/Users/jannikschilling/Documents/coding/venture-prediction-market/frontend/node_modules/@babel/parser/lib/index.js:13149:10)
    at FlowParserMixin.parseStatementContent (/Users/jannikschilling/Documents/coding/venture-prediction-market/frontend/node_modules/@babel/parser/lib/index.js:12770:23)
    at FlowParserMixin.parseStatementLike (/Users/jannikschilling/Documents/coding/venture-prediction-market/frontend/node_modules/@babel/parser/lib/index.js:12685:17)
    at FlowParserMixin.parseStatementLike (/Users/jannikschilling/Documents/coding/venture-prediction-market/frontend/node_modules/@babel/parser/lib/index.js:2928:24)
    at FlowParserMixin.parseStatementListItem (/Users/jannikschilling/Documents/coding/venture-prediction-market/frontend/node_modules/@babel/parser/lib/index.js:12665:17)
    at FlowParserMixin.parseBlockOrModuleBlockBody (/Users/jannikschilling/Documents/coding/venture-prediction-market/frontend/node_modules/@babel/parser/lib/index.js:13235:61)
    at FlowParserMixin.parseBlockBody (/Users/jannikschilling/Documents/coding/venture-prediction-market/frontend/node_modules/@babel/parser/lib/index.js:13228:10)
    at FlowParserMixin.parseBlock (/Users/jannikschilling/Documents/coding/venture-prediction-market/frontend/node_modules/@babel/parser/lib/index.js:13216:10)
    at FlowParserMixin.parseFunctionBody (/Users/jannikschilling/Documents/coding/venture-prediction-market/frontend/node_modules/@babel/parser/lib/index.js:12035:24)
    at FlowParserMixin.parseFunctionBody (/Users/jannikschilling/Documents/coding/venture-prediction-market/frontend/node_modules/@babel/parser/lib/index.js:2905:11)
    at FlowParserMixin.parseFunctionBodyAndFinish (/Users/jannikschilling/Documents/coding/venture-prediction-market/frontend/node_modules/@babel/parser/lib/index.js:12021:10)
    at FlowParserMixin.parseFunctionBodyAndFinish (/Users/jannikschilling/Documents/coding/venture-prediction-market/frontend/node_modules/@babel/parser/lib/index.js:2913:18)
    at /Users/jannikschilling/Documents/coding/venture-prediction-market/frontend/node_modules/@babel/parser/lib/index.js:13360:12
    at FlowParserMixin.withSmartMixTopicForbiddingContext (/Users/jannikschilling/Documents/coding/venture-prediction-market/frontend/node_modules/@babel/parser/lib/index.js:12338:14)
    at FlowParserMixin.parseFunction (/Users/jannikschilling/Documents/coding/venture-prediction-market/frontend/node_modules/@babel/parser/lib/index.js:13359:10)
    at FlowParserMixin.parseFunctionStatement (/Users/jannikschilling/Documents/coding/venture-prediction-market/frontend/node_modules/@babel/parser/lib/index.js:13044:17)
    at FlowParserMixin.parseStatementContent (/Users/jannikschilling/Documents/coding/venture-prediction-market/frontend/node_modules/@babel/parser/lib/index.js:12709:21)
    at FlowParserMixin.parseStatementLike (/Users/jannikschilling/Documents/coding/venture-prediction-market/frontend/node_modules/@babel/parser/lib/index.js:12685:17)
    at FlowParserMixin.parseStatementLike (/Users/jannikschilling/Documents/coding/venture-prediction-market/frontend/node_modules/@babel/parser/lib/index.js:2928:24)
    at FlowParserMixin.parseModuleItem (/Users/jannikschilling/Documents/coding/venture-prediction-market/frontend/node_modules/@babel/parser/lib/index.js:12662:17)
    at FlowParserMixin.parseBlockOrModuleBlockBody (/Users/jannikschilling/Documents/coding/venture-prediction-market/frontend/node_modules/@babel/parser/lib/index.js:13235:36)
    at FlowParserMixin.parseBlockBody (/Users/jannikschilling/Documents/coding/venture-prediction-market/frontend/node_modules/@babel/parser/lib/index.js:13228:10)
    at FlowParserMixin.parseProgram (/Users/jannikschilling/Documents/coding/venture-prediction-market/frontend/node_modules/@babel/parser/lib/index.js:12541:10)
    at FlowParserMixin.parseTopLevel (/Users/jannikschilling/Documents/coding/venture-prediction-market/frontend/node_modules/@babel/parser/lib/index.js:12531:25)
    at FlowParserMixin.parseTopLevel (/Users/jannikschilling/Documents/coding/venture-prediction-market/frontend/node_modules/@babel/parser/lib/index.js:3697:28)
    at FlowParserMixin.parse (/Users/jannikschilling/Documents/coding/venture-prediction-market/frontend/node_modules/@babel/parser/lib/index.js:14410:10)
    at parse (/Users/jannikschilling/Documents/coding/venture-prediction-market/frontend/node_modules/@babel/parser/lib/index.js:14444:38)
    at parser (/Users/jannikschilling/Documents/coding/venture-prediction-market/frontend/node_modules/@babel/core/lib/parser/index.js:41:34)
    at parser.next (<anonymous>)
    at normalizeFile (/Users/jannikschilling/Documents/coding/venture-prediction-market/frontend/node_modules/@babel/core/lib/transformation/normalize-file.js:64:37)
    at normalizeFile.next (<anonymous>)
    at run (/Users/jannikschilling/Documents/coding/venture-prediction-market/frontend/node_modules/@babel/core/lib/transformation/index.js:22:50)
    at run.next (<anonymous>)
    at transform (/Users/jannikschilling/Documents/coding/venture-prediction-market/frontend/node_modules/@babel/core/lib/transform.js:22:33)
    at transform.next (<anonymous>)
    at step (/Users/jannikschilling/Documents/coding/venture-prediction-market/frontend/node_modules/gensync/index.js:261:32)
    at /Users/jannikschilling/Documents/coding/venture-prediction-market/frontend/node_modules/gensync/index.js:273:13
    at async.call.result.err.err (/Users/jannikschilling/Documents/coding/venture-prediction-market/frontend/node_modules/gensync/index.js:223:11)

ERROR in [eslint] 
src/components/market/MarketDetail.js
  Line 450:9:  Parsing error: Identifier 'riskFreeRate' has already been declared. (450:9)

webpack compiled with 2 errors
Compiling...
Compiled with warnings.

[eslint] 
src/components/market/MarketDetail.js
  Line 4:64:    'Divider' is defined but never used                                                                                    no-unused-vars
  Line 8:27:    'getMarketBidAsk' is defined but never used                                                                            no-unused-vars
  Line 9:16:    'Bar' is defined but never used                                                                                        no-unused-vars
  Line 11:3:    'makeLogBuckets' is defined but never used                                                                             no-unused-vars
  Line 16:3:    'getBucketDescription' is defined but never used                                                                       no-unused-vars
  Line 17:3:    'findOrCreateBucket' is defined but never used                                                                         no-unused-vars
  Line 21:10:   'debounce' is defined but never used                                                                                   no-unused-vars
  Line 111:9:   'profile' is assigned a value but never used                                                                           no-unused-vars
  Line 338:10:  'orderBook' is assigned a value but never used                                                                         no-unused-vars
  Line 344:10:  'optionStyle' is assigned a value but never used                                                                       no-unused-vars
  Line 344:23:  'setOptionStyle' is assigned a value but never used                                                                    no-unused-vars
  Line 349:10:  'bidAsk' is assigned a value but never used                                                                            no-unused-vars
  Line 354:25:  'setUserPositions' is assigned a value but never used                                                                  no-unused-vars
  Line 366:9:   'wsRef' is assigned a value but never used                                                                             no-unused-vars
  Line 461:6:   React Hook useCallback has a missing dependency: 'currentValuation'. Either include it or remove the dependency array  react-hooks/exhaustive-deps
  Line 801:15:  'user_id' is assigned a value but never used                                                                           no-unused-vars

Search for the keywords to learn more about each warning.
To ignore, add // eslint-disable-next-line to the line before.

WARNING in [eslint] 
src/components/market/MarketDetail.js
  Line 4:64:    'Divider' is defined but never used                                                                                    no-unused-vars
  Line 8:27:    'getMarketBidAsk' is defined but never used                                                                            no-unused-vars
  Line 9:16:    'Bar' is defined but never used                                                                                        no-unused-vars
  Line 11:3:    'makeLogBuckets' is defined but never used                                                                             no-unused-vars
  Line 16:3:    'getBucketDescription' is defined but never used                                                                       no-unused-vars
  Line 17:3:    'findOrCreateBucket' is defined but never used                                                                         no-unused-vars
  Line 21:10:   'debounce' is defined but never used                                                                                   no-unused-vars
  Line 111:9:   'profile' is assigned a value but never used                                                                           no-unused-vars
  Line 338:10:  'orderBook' is assigned a value but never used                                                                         no-unused-vars
  Line 344:10:  'optionStyle' is assigned a value but never used                                                                       no-unused-vars
  Line 344:23:  'setOptionStyle' is assigned a value but never used                                                                    no-unused-vars
  Line 349:10:  'bidAsk' is assigned a value but never used                                                                            no-unused-vars
  Line 354:25:  'setUserPositions' is assigned a value but never used                                                                  no-unused-vars
  Line 366:9:   'wsRef' is assigned a value but never used                                                                             no-unused-vars
  Line 461:6:   React Hook useCallback has a missing dependency: 'currentValuation'. Either include it or remove the dependency array  react-hooks/exhaustive-deps
  Line 801:15:  'user_id' is assigned a value but never used                                                                           no-unused-vars

webpack compiled with 1 warning
